
@----------------------------------------------------------@
|        PLINK!       |     v1.07      |   10/Aug/2009     |
|----------------------------------------------------------|
|  (C) 2009 Shaun Purcell, GNU General Public License, v2  |
|----------------------------------------------------------|
|  For documentation, citation & bug-report instructions:  |
|        http://pngu.mgh.harvard.edu/purcell/plink/        |
@----------------------------------------------------------@

Web-based version check ( --noweb to skip )
Recent cached web-check found...Problem connecting to web

Writing this text to log file [ allDel.log ]
Analysis started: Tue Jul 14 11:26:07 2015

Options in effect:
	--cfile allCNV
	--cnv-del
	--cnv-drop-no-segment
	--cnv-write
	--out allDel
	--allow-no-sex

Reading marker information from [ allCNV.cnv.map ]
12 (of 12) markers to be included from [ allCNV.cnv.map ]
Reading individual information from [ allCNV.fam ]
Reading pedigree information from [ allCNV.fam ] 
4 individuals read from [ allCNV.fam ] 
4 individuals with nonmissing phenotypes
Assuming a disease phenotype (1=unaff, 2=aff, 0=miss)
Missing phenotype value is also -9
1 cases, 3 controls and 0 missing
2 males, 2 females, and 0 of unspecified sex

Reading segment list (CNVs) from [ allCNV.cnv ]
Removed 1 individuals with <1 CNV
4 mapped to a person, of which 3 passed filters
3 of 4 mapped as valid segments
 CopyN Case/Control
     0        1 / 0
     1        0 / 2

Writing new CNV list to [ allDel.cnv ]
Writing new FAM file to [ allDel.fam ]

Analysis finished: Tue Jul 14 11:26:07 2015

