
@----------------------------------------------------------@
|        PLINK!       |     v1.07      |   10/Aug/2009     |
|----------------------------------------------------------|
|  (C) 2009 Shaun Purcell, GNU General Public License, v2  |
|----------------------------------------------------------|
|  For documentation, citation & bug-report instructions:  |
|        http://pngu.mgh.harvard.edu/purcell/plink/        |
@----------------------------------------------------------@

Web-based version check ( --noweb to skip )
Recent cached web-check found...Problem connecting to web

Writing this text to log file [ rareDEL.log ]
Analysis started: Tue Jul 14 11:26:08 2015

Options in effect:
	--cfile rareDEL
	--segment-group
	--out rareDEL
	--cnv-overlap 0.5
	--allow-no-sex

Reading marker information from [ rareDEL.cnv.map ]
9 (of 9) markers to be included from [ rareDEL.cnv.map ]
Reading individual information from [ rareDEL.fam ]
Reading pedigree information from [ rareDEL.fam ] 
3 individuals read from [ rareDEL.fam ] 
3 individuals with nonmissing phenotypes
Assuming a disease phenotype (1=unaff, 2=aff, 0=miss)
Missing phenotype value is also -9
1 cases, 2 controls and 0 missing
1 males, 2 females, and 0 of unspecified sex

Reading segment list (CNVs) from [ rareDEL.cnv ]
3 mapped to a person, of which 3 passed filters
3 of 3 mapped as valid segments
 CopyN Case/Control
     0        1 / 0
     1        0 / 2

Writing per-individual summary to [ rareDEL.cnv.indiv ]
Writing CNV summary to [ rareDEL.cnv.overlap ] 
Found 0 unique overlapping sets of segments
Writing positional summary to [ rareDEL.cnv.summary ]

Analysis finished: Tue Jul 14 11:26:08 2015

