NOTICE: All program notification/warning messages that appear in STDERR will be also written to log file /chiswick/data/ncooper/plumbCNV_Example/pipesDisease/PENNCNV/PENNOUTPUT/outputp5.log
NOTICE: Reading marker coordinates and population frequency of B allele (PFB) from /chiswick/data/ncooper/plumbCNV_Example/pipesDisease/PENNCNV/BAF.pfb ... Done with 14344 records
NOTICE: Reading LRR and BAF values for from /chiswick/data/ncooper/plumbCNV_Example/pipesDisease/PENNCNV/PENNRAWFILES/p5/ID0024.txt ... Done with 14344 records in 22 chromosomes
NOTICE: Median-adjusting LRR values for all autosome markers from /chiswick/data/ncooper/plumbCNV_Example/pipesDisease/PENNCNV/PENNRAWFILES/p5/ID0024.txt by -0.0028
NOTICE: Median-adjusting BAF values for all autosome markers from /chiswick/data/ncooper/plumbCNV_Example/pipesDisease/PENNCNV/PENNRAWFILES/p5/ID0024.txt by 0.0286
NOTICE: quality summary for /chiswick/data/ncooper/plumbCNV_Example/pipesDisease/PENNCNV/PENNRAWFILES/p5/ID0024.txt: LRR_mean=-0.0022 LRR_median=0.0000 LRR_SD=0.0638 BAF_mean=0.5034 BAF_median=0.5000 BAF_SD=0.0493 BAF_DRIFT=0.000000 WF=0.0083 GCWF=0.0019
NOTICE: Reading LRR and BAF values for from /chiswick/data/ncooper/plumbCNV_Example/pipesDisease/PENNCNV/PENNRAWFILES/p5/ID0025.txt ... Done with 14344 records in 22 chromosomes
NOTICE: Median-adjusting LRR values for all autosome markers from /chiswick/data/ncooper/plumbCNV_Example/pipesDisease/PENNCNV/PENNRAWFILES/p5/ID0025.txt by -0.0012
NOTICE: Median-adjusting BAF values for all autosome markers from /chiswick/data/ncooper/plumbCNV_Example/pipesDisease/PENNCNV/PENNRAWFILES/p5/ID0025.txt by 0.0284
NOTICE: quality summary for /chiswick/data/ncooper/plumbCNV_Example/pipesDisease/PENNCNV/PENNRAWFILES/p5/ID0025.txt: LRR_mean=-0.0004 LRR_median=0.0000 LRR_SD=0.0639 BAF_mean=0.5032 BAF_median=0.5000 BAF_SD=0.0477 BAF_DRIFT=0.000000 WF=-0.0079 GCWF=-0.0036
NOTICE: Reading LRR and BAF values for from /chiswick/data/ncooper/plumbCNV_Example/pipesDisease/PENNCNV/PENNRAWFILES/p5/ID0026.txt ... Done with 14344 records in 22 chromosomes
NOTICE: Median-adjusting LRR values for all autosome markers from /chiswick/data/ncooper/plumbCNV_Example/pipesDisease/PENNCNV/PENNRAWFILES/p5/ID0026.txt by -0.0028
NOTICE: Median-adjusting BAF values for all autosome markers from /chiswick/data/ncooper/plumbCNV_Example/pipesDisease/PENNCNV/PENNRAWFILES/p5/ID0026.txt by 0.0304
NOTICE: quality summary for /chiswick/data/ncooper/plumbCNV_Example/pipesDisease/PENNCNV/PENNRAWFILES/p5/ID0026.txt: LRR_mean=-0.0002 LRR_median=0.0000 LRR_SD=0.0653 BAF_mean=0.5048 BAF_median=0.5000 BAF_SD=0.0504 BAF_DRIFT=0.000000 WF=-0.0079 GCWF=-0.0015
NOTICE: Reading LRR and BAF values for from /chiswick/data/ncooper/plumbCNV_Example/pipesDisease/PENNCNV/PENNRAWFILES/p5/ID0027.txt ... Done with 14344 records in 22 chromosomes
NOTICE: Median-adjusting LRR values for all autosome markers from /chiswick/data/ncooper/plumbCNV_Example/pipesDisease/PENNCNV/PENNRAWFILES/p5/ID0027.txt by 0.0022
NOTICE: Median-adjusting BAF values for all autosome markers from /chiswick/data/ncooper/plumbCNV_Example/pipesDisease/PENNCNV/PENNRAWFILES/p5/ID0027.txt by 0.0310
NOTICE: quality summary for /chiswick/data/ncooper/plumbCNV_Example/pipesDisease/PENNCNV/PENNRAWFILES/p5/ID0027.txt: LRR_mean=-0.0002 LRR_median=0.0000 LRR_SD=0.0625 BAF_mean=0.5060 BAF_median=0.5000 BAF_SD=0.0509 BAF_DRIFT=0.000000 WF=-0.0069 GCWF=-0.0027
NOTICE: Reading LRR and BAF values for from /chiswick/data/ncooper/plumbCNV_Example/pipesDisease/PENNCNV/PENNRAWFILES/p5/ID0028.txt ...WARNING: Unrecognizable LRR or BAF values are treated as zero: LRR=NA BAF=0.9976
 Done with 14344 records in 22 chromosomes
NOTICE: Median-adjusting LRR values for all autosome markers from /chiswick/data/ncooper/plumbCNV_Example/pipesDisease/PENNCNV/PENNRAWFILES/p5/ID0028.txt by 0.0022
NOTICE: Median-adjusting BAF values for all autosome markers from /chiswick/data/ncooper/plumbCNV_Example/pipesDisease/PENNCNV/PENNRAWFILES/p5/ID0028.txt by 0.0325
NOTICE: quality summary for /chiswick/data/ncooper/plumbCNV_Example/pipesDisease/PENNCNV/PENNRAWFILES/p5/ID0028.txt: LRR_mean=-0.0025 LRR_median=0.0000 LRR_SD=0.0818 BAF_mean=0.5046 BAF_median=0.5000 BAF_SD=0.0513 BAF_DRIFT=0.000000 WF=0.0079 GCWF=0.0019
