NOTICE: All program notification/warning messages that appear in STDERR will be also written to log file /chiswick/data/ncooper/plumbCNV_Example/pipesDisease/PENNCNV/PENNOUTPUT/outputp8.log
NOTICE: Reading marker coordinates and population frequency of B allele (PFB) from /chiswick/data/ncooper/plumbCNV_Example/pipesDisease/PENNCNV/BAF.pfb ... Done with 14344 records
NOTICE: Reading LRR and BAF values for from /chiswick/data/ncooper/plumbCNV_Example/pipesDisease/PENNCNV/PENNRAWFILES/p8/ID0039.txt ... Done with 14344 records in 22 chromosomes
NOTICE: Median-adjusting LRR values for all autosome markers from /chiswick/data/ncooper/plumbCNV_Example/pipesDisease/PENNCNV/PENNRAWFILES/p8/ID0039.txt by 0.0009
NOTICE: Median-adjusting BAF values for all autosome markers from /chiswick/data/ncooper/plumbCNV_Example/pipesDisease/PENNCNV/PENNRAWFILES/p8/ID0039.txt by 0.0342
NOTICE: quality summary for /chiswick/data/ncooper/plumbCNV_Example/pipesDisease/PENNCNV/PENNRAWFILES/p8/ID0039.txt: LRR_mean=-0.0007 LRR_median=0.0000 LRR_SD=0.0594 BAF_mean=0.5034 BAF_median=0.5000 BAF_SD=0.0462 BAF_DRIFT=0.000000 WF=0.0080 GCWF=0.0030
NOTICE: Reading LRR and BAF values for from /chiswick/data/ncooper/plumbCNV_Example/pipesDisease/PENNCNV/PENNRAWFILES/p8/ID0040.txt ... Done with 14344 records in 22 chromosomes
NOTICE: Median-adjusting LRR values for all autosome markers from /chiswick/data/ncooper/plumbCNV_Example/pipesDisease/PENNCNV/PENNRAWFILES/p8/ID0040.txt by 0.0014
NOTICE: Median-adjusting BAF values for all autosome markers from /chiswick/data/ncooper/plumbCNV_Example/pipesDisease/PENNCNV/PENNRAWFILES/p8/ID0040.txt by 0.0326
NOTICE: quality summary for /chiswick/data/ncooper/plumbCNV_Example/pipesDisease/PENNCNV/PENNRAWFILES/p8/ID0040.txt: LRR_mean=-0.0015 LRR_median=0.0000 LRR_SD=0.0681 BAF_mean=0.5036 BAF_median=0.5000 BAF_SD=0.0530 BAF_DRIFT=0.000000 WF=-0.0101 GCWF=-0.0036
NOTICE: Reading LRR and BAF values for from /chiswick/data/ncooper/plumbCNV_Example/pipesDisease/PENNCNV/PENNRAWFILES/p8/ID0041.txt ... Done with 14344 records in 22 chromosomes
NOTICE: Median-adjusting LRR values for all autosome markers from /chiswick/data/ncooper/plumbCNV_Example/pipesDisease/PENNCNV/PENNRAWFILES/p8/ID0041.txt by 0.0029
NOTICE: Median-adjusting BAF values for all autosome markers from /chiswick/data/ncooper/plumbCNV_Example/pipesDisease/PENNCNV/PENNRAWFILES/p8/ID0041.txt by 0.0303
NOTICE: quality summary for /chiswick/data/ncooper/plumbCNV_Example/pipesDisease/PENNCNV/PENNRAWFILES/p8/ID0041.txt: LRR_mean=-0.0014 LRR_median=0.0000 LRR_SD=0.0648 BAF_mean=0.5034 BAF_median=0.5000 BAF_SD=0.0504 BAF_DRIFT=0.000000 WF=-0.0084 GCWF=-0.0014
NOTICE: Reading LRR and BAF values for from /chiswick/data/ncooper/plumbCNV_Example/pipesDisease/PENNCNV/PENNRAWFILES/p8/ID0042.txt ... Done with 14344 records in 22 chromosomes
NOTICE: Median-adjusting LRR values for all autosome markers from /chiswick/data/ncooper/plumbCNV_Example/pipesDisease/PENNCNV/PENNRAWFILES/p8/ID0042.txt by 0.0017
NOTICE: Median-adjusting BAF values for all autosome markers from /chiswick/data/ncooper/plumbCNV_Example/pipesDisease/PENNCNV/PENNRAWFILES/p8/ID0042.txt by 0.0325
NOTICE: quality summary for /chiswick/data/ncooper/plumbCNV_Example/pipesDisease/PENNCNV/PENNRAWFILES/p8/ID0042.txt: LRR_mean=-0.0010 LRR_median=0.0000 LRR_SD=0.0673 BAF_mean=0.5039 BAF_median=0.5000 BAF_SD=0.0510 BAF_DRIFT=0.000000 WF=0.0081 GCWF=0.0041
NOTICE: Reading LRR and BAF values for from /chiswick/data/ncooper/plumbCNV_Example/pipesDisease/PENNCNV/PENNRAWFILES/p8/ID0043.txt ... Done with 14344 records in 22 chromosomes
NOTICE: Median-adjusting LRR values for all autosome markers from /chiswick/data/ncooper/plumbCNV_Example/pipesDisease/PENNCNV/PENNRAWFILES/p8/ID0043.txt by -0.0018
NOTICE: Median-adjusting BAF values for all autosome markers from /chiswick/data/ncooper/plumbCNV_Example/pipesDisease/PENNCNV/PENNRAWFILES/p8/ID0043.txt by 0.0324
NOTICE: quality summary for /chiswick/data/ncooper/plumbCNV_Example/pipesDisease/PENNCNV/PENNRAWFILES/p8/ID0043.txt: LRR_mean=-0.0021 LRR_median=0.0000 LRR_SD=0.0651 BAF_mean=0.5044 BAF_median=0.5000 BAF_SD=0.0480 BAF_DRIFT=0.000000 WF=0.0098 GCWF=0.0010
